<?xml version="1.0" encoding="UTF-8"?>
<!-- Generated by org.testng.reporters.JUnitReportReporter -->
<testsuite hostname="LAPTOP-CVD4Q1TP" failures="0" tests="1" name="tealium.baseTest.BaseTest" time="12.399" errors="0" timestamp="2024-10-03T13:49:03 IST" skipped="0">
  <testcase classname="tealium.baseTest.BaseTest" name="setup" time="12.399"/>
</testsuite> <!-- tealium.baseTest.BaseTest -->
